<?xml version="1.0" encoding="UTF-8" ?>
<testsuite tests="30" failures="0" name="uk.ac.ed.inf.powergrab.AppTest" time="0.007" errors="0" skipped="0">
  <properties>
[...]
</properties>
  <testcase classname="uk.ac.ed.inf.powergrab.AppTest" name="testNorthWestThenSouthEast" time="0.005"/>
  <testcase classname="uk.ac.ed.inf.powergrab.AppTest" name="testEastThenWest" time="0"/>
  <testcase classname="uk.ac.ed.inf.powergrab.AppTest" name="testNorthNorthEastThenSouthSouthWest" time="0"/>
  <testcase classname="uk.ac.ed.inf.powergrab.AppTest" name="testEastSouthEastThenWestNorthWest" time="0"/>
  <testcase classname="uk.ac.ed.inf.powergrab.AppTest" name="testEastNorthEastThenWestSouthWest" time="0"/>
  <testcase classname="uk.ac.ed.inf.powergrab.AppTest" name="testNorthNorthWestThenSouthSouthEast" time="0.001"/>
  <testcase classname="uk.ac.ed.inf.powergrab.AppTest" name="testPositionLatitude" time="0"/>
  <testcase classname="uk.ac.ed.inf.powergrab.AppTest" name="testPositionConstructor" time="0"/>
  <testcase classname="uk.ac.ed.inf.powergrab.AppTest" name="testPositionLongitude" time="0"/>
  <testcase classname="uk.ac.ed.inf.powergrab.AppTest" name="testNextPositionNotIdentity" time="0"/>
  <testcase classname="uk.ac.ed.inf.powergrab.AppTest" name="testSWisSouthWest" time="0.001"/>
  <testcase classname="uk.ac.ed.inf.powergrab.AppTest" name="testWSWisSouthWest" time="0"/>
  <testcase classname="uk.ac.ed.inf.powergrab.AppTest" name="testPositionOutOfPlayArea" time="0"/>
  <testcase classname="uk.ac.ed.inf.powergrab.AppTest" name="testNorthSouthEastWest" time="0"/>
  <testcase classname="uk.ac.ed.inf.powergrab.AppTest" name="testSSWisSouthWest" time="0"/>
  <testcase classname="uk.ac.ed.inf.powergrab.AppTest" name="testNorthEastThenSouthWest" time="0"/>
  <testcase classname="uk.ac.ed.inf.powergrab.AppTest" name="testNorthThenEastIsNotNorthEast" time="0"/>
  <testcase classname="uk.ac.ed.inf.powergrab.AppTest" name="testCentreInPlayArea" time="0"/>
  <testcase classname="uk.ac.ed.inf.powergrab.AppTest" name="testBoundaryOutOfPlayArea" time="0"/>
  <testcase classname="uk.ac.ed.inf.powergrab.AppTest" name="testNorthThenSouth" time="0"/>
  <testcase classname="uk.ac.ed.inf.powergrab.AppTest" name="testNNEisNorthEast" time="0"/>
  <testcase classname="uk.ac.ed.inf.powergrab.AppTest" name="testNEisNorthEast" time="0"/>
  <testcase classname="uk.ac.ed.inf.powergrab.AppTest" name="testENEisNorthEast" time="0"/>
  <testcase classname="uk.ac.ed.inf.powergrab.AppTest" name="testNorthEastThenSouthEastThenSouthWestThenNorthWest" time="0"/>
  <testcase classname="uk.ac.ed.inf.powergrab.AppTest" name="testSSEthenS" time="0"/>
  <testcase classname="uk.ac.ed.inf.powergrab.AppTest" name="testSouthWestThenNorthEast" time="0"/>
  <testcase classname="uk.ac.ed.inf.powergrab.AppTest" name="testSSEthenSthenSEthenNE" time="0"/>
  <testcase classname="uk.ac.ed.inf.powergrab.AppTest" name="testSouthEastThenNorthWest" time="0"/>
  <testcase classname="uk.ac.ed.inf.powergrab.AppTest" name="testSSEthenSthenSE" time="0"/>
  <testcase classname="uk.ac.ed.inf.powergrab.AppTest" name="testSSEthenSthenSEthenNEthenWNW" time="0"/>
</testsuite>